<?xml version="1.0" encoding="UTF-8"?>
<testng-results ignored="0" total="1" passed="1" failed="0" skipped="0">
  <reporter-output>
  </reporter-output>
  <suite started-at="2022-08-07T09:08:21 IST" name="Default suite" finished-at="2022-08-07T09:08:31 IST" duration-ms="9793">
    <groups>
    </groups>
    <test started-at="2022-08-07T09:08:21 IST" name="Default test" finished-at="2022-08-07T09:08:31 IST" duration-ms="9793">
      <class name="learn.BillingCare.LoginTestBRM">
        <test-method is-config="true" signature="setUpSuite()[pri:0, instance:learn.BillingCare.LoginTestBRM@1a75e76a]" started-at="2022-08-07T09:08:21 IST" name="setUpSuite" finished-at="2022-08-07T09:08:21 IST" duration-ms="818" status="PASS">
          <reporter-output>
          </reporter-output>
        </test-method> <!-- setUpSuite -->
        <test-method is-config="true" signature="setup()[pri:0, instance:learn.BillingCare.LoginTestBRM@1a75e76a]" started-at="2022-08-07T09:08:22 IST" name="setup" finished-at="2022-08-07T09:08:28 IST" duration-ms="6620" status="PASS">
          <reporter-output>
          </reporter-output>
        </test-method> <!-- setup -->
        <test-method signature="loginApp()[pri:0, instance:learn.BillingCare.LoginTestBRM@1a75e76a]" started-at="2022-08-07T09:08:28 IST" name="loginApp" finished-at="2022-08-07T09:08:31 IST" duration-ms="2365" status="PASS">
          <reporter-output>
          </reporter-output>
        </test-method> <!-- loginApp -->
        <test-method is-config="true" signature="tearDownMethod(org.testng.ITestResult)[pri:0, instance:learn.BillingCare.LoginTestBRM@1a75e76a]" started-at="2022-08-07T09:08:31 IST" name="tearDownMethod" finished-at="2022-08-07T09:08:31 IST" duration-ms="763" status="PASS">
          <params>
            <param index="0">
              <value>
                <![CDATA[[TestResult name=loginApp status=SUCCESS method=LoginTestBRM.loginApp()[pri:0, instance:learn.BillingCare.LoginTestBRM@1a75e76a] output={null}]]]>
              </value>
            </param>
          </params>
          <reporter-output>
          </reporter-output>
        </test-method> <!-- tearDownMethod -->
        <test-method is-config="true" signature="tearDown()[pri:0, instance:learn.BillingCare.LoginTestBRM@1a75e76a]" started-at="2022-08-07T09:08:31 IST" name="tearDown" finished-at="2022-08-07T09:08:31 IST" duration-ms="0" status="PASS">
          <reporter-output>
          </reporter-output>
        </test-method> <!-- tearDown -->
      </class> <!-- learn.BillingCare.LoginTestBRM -->
    </test> <!-- Default test -->
  </suite> <!-- Default suite -->
</testng-results>
